TN:
SF:src/modules/instructors/services/CreateInstructor.service.ts
FN:11,CreateInstructorService
FN:16,Object.<anonymous>.CreateInstructorService.execute
FNF:2
FNH:2
FNDA:6,CreateInstructorService
FNDA:5,Object.<anonymous>.CreateInstructorService.execute
DA:1,1
DA:2,1
DA:3,1
DA:4,1
DA:5,1
DA:6,1
DA:7,1
DA:8,1
DA:9,1
DA:10,3
DA:11,3
DA:12,6
DA:13,6
DA:14,6
DA:15,3
DA:16,3
DA:17,5
DA:18,5
DA:19,5
DA:20,5
DA:21,5
DA:22,5
DA:23,5
DA:24,5
DA:25,4
DA:26,4
DA:27,4
DA:28,4
DA:29,4
DA:30,4
DA:31,4
DA:32,4
DA:33,4
DA:34,5
DA:35,5
DA:36,5
DA:37,3
DA:38,1
DA:39,1
LF:39
LH:39
BRDA:10,0,0,3
BRDA:11,1,0,6
BRDA:16,2,0,5
BRDA:22,3,0,5
BRDA:24,4,0,1
BRDA:25,5,0,4
BRF:6
BRH:6
end_of_record
TN:
SF:src/modules/instructors/services/RemoveInstructor.service.ts
FN:8,RemoveInstructor
FN:13,Object.<anonymous>.RemoveInstructor.execute
FNF:2
FNH:2
FNDA:2,RemoveInstructor
FNDA:2,Object.<anonymous>.RemoveInstructor.execute
DA:1,1
DA:2,1
DA:3,1
DA:4,1
DA:5,1
DA:6,1
DA:7,1
DA:8,1
DA:9,2
DA:10,2
DA:11,2
DA:12,1
DA:13,1
DA:14,2
DA:15,2
DA:16,2
DA:17,1
DA:18,1
DA:19,2
DA:20,1
DA:21,1
DA:22,1
LF:22
LH:22
BRDA:7,0,0,1
BRDA:8,1,0,2
BRDA:13,2,0,2
BRDA:14,3,0,2
BRDA:16,4,0,1
BRF:5
BRH:5
end_of_record
TN:
SF:src/modules/instructors/services/ShowInstructor.service.ts
FN:9,ShowInstructorService
FN:14,Object.<anonymous>.ShowInstructorService.execute
FNF:2
FNH:2
FNDA:2,ShowInstructorService
FNDA:2,Object.<anonymous>.ShowInstructorService.execute
DA:1,1
DA:2,1
DA:3,1
DA:4,1
DA:5,1
DA:6,1
DA:7,1
DA:8,1
DA:9,1
DA:10,2
DA:11,2
DA:12,2
DA:13,1
DA:14,1
DA:15,2
DA:16,2
DA:17,2
DA:18,1
DA:19,1
DA:20,2
DA:21,1
DA:22,1
DA:23,1
LF:23
LH:23
BRDA:8,0,0,1
BRDA:9,1,0,2
BRDA:14,2,0,2
BRDA:15,3,0,2
BRDA:17,4,0,1
BRF:5
BRH:5
end_of_record
TN:
SF:src/modules/instructors/services/UpdateInstructor.service.ts
FN:9,UpdateInstructor
FN:14,Object.<anonymous>.UpdateInstructor.execute
FNF:2
FNH:2
FNDA:2,UpdateInstructor
FNDA:2,Object.<anonymous>.UpdateInstructor.execute
DA:1,1
DA:2,1
DA:3,1
DA:4,1
DA:5,1
DA:6,1
DA:7,1
DA:8,1
DA:9,1
DA:10,2
DA:11,2
DA:12,2
DA:13,1
DA:14,1
DA:15,2
DA:16,2
DA:17,2
DA:18,1
DA:19,1
DA:20,1
DA:21,1
DA:22,1
DA:23,1
DA:24,1
DA:25,1
DA:26,1
DA:27,2
DA:28,2
DA:29,2
DA:30,2
DA:31,2
DA:32,1
DA:33,1
DA:34,1
LF:34
LH:34
BRDA:8,0,0,1
BRDA:9,1,0,2
BRDA:14,2,0,2
BRDA:15,3,0,2
BRDA:17,4,0,1
BRF:5
BRH:5
end_of_record
TN:
SF:src/modules/members/services/CreateMember.service.ts
FN:1,(empty-report)
FNF:1
FNH:0
FNDA:0,(empty-report)
DA:1,0
DA:2,0
DA:3,0
DA:4,0
DA:5,0
DA:6,0
DA:7,0
DA:8,0
DA:9,0
DA:10,0
DA:11,0
DA:12,0
DA:13,0
DA:14,0
DA:15,0
DA:16,0
DA:17,0
DA:18,0
DA:19,0
DA:20,0
DA:21,0
DA:22,0
DA:23,0
DA:24,0
DA:25,0
DA:26,0
DA:27,0
DA:28,0
DA:29,0
DA:30,0
DA:31,0
DA:32,0
DA:33,0
DA:34,0
DA:35,0
DA:36,0
DA:37,0
DA:38,0
DA:39,0
DA:40,0
DA:41,0
DA:42,0
DA:43,0
DA:44,0
DA:45,0
DA:46,0
DA:47,0
LF:47
LH:0
BRDA:1,0,0,0
BRF:1
BRH:0
end_of_record
TN:
SF:src/modules/members/services/UpdateMember.service.ts
FN:1,(empty-report)
FNF:1
FNH:0
FNDA:0,(empty-report)
DA:1,0
DA:2,0
DA:3,0
DA:4,0
DA:5,0
DA:6,0
DA:7,0
DA:8,0
DA:9,0
DA:10,0
DA:11,0
DA:12,0
DA:13,0
DA:14,0
DA:15,0
DA:16,0
DA:17,0
DA:18,0
DA:19,0
DA:20,0
DA:21,0
DA:22,0
DA:23,0
DA:24,0
DA:25,0
DA:26,0
DA:27,0
DA:28,0
DA:29,0
DA:30,0
DA:31,0
DA:32,0
DA:33,0
DA:34,0
DA:35,0
DA:36,0
DA:37,0
DA:38,0
DA:39,0
DA:40,0
LF:40
LH:0
BRDA:1,0,0,0
BRF:1
BRH:0
end_of_record
